warning: The `tool.uv.dev-dependencies` field (used in `pyproject.toml`) is deprecated and will be removed in a future release; use `dependency-groups.dev` instead
2025-12-04 17:34:26,042 - uvicorn.error - INFO - Will watch for changes in these directories: ['/home/okamoto/Projects/whombat/back']
INFO:     Will watch for changes in these directories: ['/home/okamoto/Projects/whombat/back']
2025-12-04 17:34:26,042 - uvicorn.error - INFO - Uvicorn running on http://0.0.0.0:5000 (Press CTRL+C to quit)
INFO:     Uvicorn running on http://0.0.0.0:5000 (Press CTRL+C to quit)
2025-12-04 17:34:26,042 - uvicorn.error - INFO - Started reloader process [495983] using WatchFiles
INFO:     Started reloader process [495983] using WatchFiles
/home/okamoto/Projects/whombat/back/.venv/lib/python3.12/site-packages/pydantic/_internal/_fields.py:132: UserWarning: Field "model_run" in Body_import_model_run_import__post has conflict with protected namespace "model_".

You may be able to resolve this warning by setting `model_config['protected_namespaces'] = ()`.
  warnings.warn(
/home/okamoto/Projects/whombat/back/.venv/lib/python3.12/site-packages/pydantic/_internal/_fields.py:132: UserWarning: Field "model_run" in Body_import_model_run_api_v1_model_runs_import__post has conflict with protected namespace "model_".

You may be able to resolve this warning by setting `model_config['protected_namespaces'] = ()`.
  warnings.warn(
2025-12-04 17:34:32,187 - uvicorn.error - INFO - Started server process [495991]
INFO:     Started server process [495991]
2025-12-04 17:34:32,187 - uvicorn.error - INFO - Waiting for application startup.
INFO:     Waiting for application startup.
INFO:Context impl SQLiteImpl.
INFO:Will assume non-transactional DDL.

[31m[1mWhombat is running in development mode![0m

[32m[1mDatabase URL:[0m sqlite+aiosqlite:////home/okamoto/.local/share/whombat/whombat.db

[32m[1mSettings:[0m {
    "dev": true,
    "debug": false,
    "db_dialect": "sqlite",
    "db_host": null,
    "db_port": null,
    "db_name": "/home/okamoto/.local/share/whombat/whombat.db",
    "audio_dir": "/home/okamoto/NAS_A/whombat_data",
    "host": "0.0.0.0",
    "port": 5000,
    "domain": "158.210.76.175",
    "log_config": "logging.conf",
    "log_to_file": true,
    "log_to_stdout": false,
    "log_dir": "logs",
    "log_level": "info",
    "cors_origins": [
        "http://localhost:3000",
        "http://127.0.0.1:3000",
        "http://158.210.76.175:3000"
    ],
    "open_on_startup": true,
    "auth_cookie_secure": false,
    "auth_cookie_samesite": "lax",
    "metadata_dir": "/home/okamoto/.local/share/whombat/metadata"
}
    

    [32m[2mWhombat is ready to go![0m

    [32m[1m * Listening on http://0.0.0.0:5000/[0m

    [33mPress Ctrl+C to exit.[0m
    
2025-12-04 17:34:32,453 - uvicorn.error - INFO - Application startup complete.
INFO:     Application startup complete.
INFO:     158.210.76.175:53836 - "GET / HTTP/1.1" 404 Not Found
2025-12-04 17:34:32,628 - uvicorn.error - WARNING - Invalid HTTP request received.
WARNING:  Invalid HTTP request received.
2025-12-04 17:34:32,673 - uvicorn.error - WARNING - Invalid HTTP request received.
WARNING:  Invalid HTTP request received.
INFO:     158.210.76.175:32916 - "GET /api/v1/metadata/sites?project_id=prj-bobasm0b HTTP/1.1" 200 OK
INFO:     158.210.76.175:32910 - "GET /api/v1/metadata/projects/prj-bobasm0b HTTP/1.1" 200 OK
INFO:     158.210.76.175:42514 - "GET /api/v1/users/me HTTP/1.1" 200 OK
INFO:     158.210.76.175:42514 - "GET /api/v1/metadata/projects/prj-bobasm0b HTTP/1.1" 200 OK
INFO:     158.210.76.175:42514 - "GET /api/v1/metadata/sites?project_id=prj-bobasm0b HTTP/1.1" 200 OK
INFO:     158.210.76.175:42452 - "GET /api/v1/datasets/?limit=100&offset=0 HTTP/1.1" 200 OK
INFO:     158.210.76.175:42456 - "GET /api/v1/datasets/?limit=100&offset=0&primary_site_id__eq=test2 HTTP/1.1" 200 OK
INFO:     158.210.76.175:54098 - "GET /api/v1/users/me HTTP/1.1" 200 OK
INFO:     158.210.76.175:54098 - "GET /api/v1/metadata/projects/prj-bobasm0b HTTP/1.1" 200 OK
INFO:     158.210.76.175:54098 - "GET /api/v1/datasets/?limit=1000&offset=0&project_id__eq=prj-bobasm0b HTTP/1.1" 200 OK
INFO:     158.210.76.175:54098 - "GET /api/v1/metadata/sites?project_id=prj-bobasm0b HTTP/1.1" 200 OK
INFO:     158.210.76.175:45448 - "GET /api/v1/users/me HTTP/1.1" 200 OK
INFO:     158.210.76.175:45448 - "GET /api/v1/metadata/projects/prj-bobasm0b HTTP/1.1" 200 OK
INFO:     158.210.76.175:45448 - "GET /api/v1/metadata/sites?project_id=prj-bobasm0b HTTP/1.1" 200 OK
INFO:     158.210.76.175:33802 - "GET /api/v1/metadata/sites?project_id=prj-bobasm0b HTTP/1.1" 200 OK
INFO:     158.210.76.175:33798 - "GET /api/v1/metadata/projects/prj-bobasm0b HTTP/1.1" 200 OK
2025-12-04 17:42:09,323 - uvicorn.error - WARNING - WatchFiles detected changes in 'src/whombat/system/database.py'. Reloading...
WARNING:  WatchFiles detected changes in 'src/whombat/system/database.py'. Reloading...
2025-12-04 17:42:09,375 - uvicorn.error - INFO - Shutting down
INFO:     Shutting down
2025-12-04 17:42:09,476 - uvicorn.error - INFO - Waiting for application shutdown.
INFO:     Waiting for application shutdown.
2025-12-04 17:42:09,476 - uvicorn.error - INFO - Application shutdown complete.
INFO:     Application shutdown complete.
2025-12-04 17:42:09,477 - uvicorn.error - INFO - Finished server process [495991]
INFO:     Finished server process [495991]
2025-12-04 17:42:14,000 - uvicorn.error - WARNING - WatchFiles detected changes in 'src/whombat/system/database.py'. Reloading...
WARNING:  WatchFiles detected changes in 'src/whombat/system/database.py'. Reloading...
/home/okamoto/Projects/whombat/back/.venv/lib/python3.12/site-packages/pydantic/_internal/_fields.py:132: UserWarning: Field "model_run" in Body_import_model_run_import__post has conflict with protected namespace "model_".

You may be able to resolve this warning by setting `model_config['protected_namespaces'] = ()`.
  warnings.warn(
/home/okamoto/Projects/whombat/back/.venv/lib/python3.12/site-packages/pydantic/_internal/_fields.py:132: UserWarning: Field "model_run" in Body_import_model_run_api_v1_model_runs_import__post has conflict with protected namespace "model_".

You may be able to resolve this warning by setting `model_config['protected_namespaces'] = ()`.
  warnings.warn(
2025-12-04 17:42:15,951 - uvicorn.error - INFO - Started server process [500211]
INFO:     Started server process [500211]
2025-12-04 17:42:15,951 - uvicorn.error - INFO - Waiting for application startup.
INFO:     Waiting for application startup.
INFO:Context impl SQLiteImpl.
INFO:Will assume non-transactional DDL.

[31m[1mWhombat is running in development mode![0m

[32m[1mDatabase URL:[0m sqlite+aiosqlite:////home/okamoto/.local/share/whombat/whombat.db

[32m[1mSettings:[0m {
    "dev": true,
    "debug": false,
    "db_dialect": "sqlite",
    "db_host": null,
    "db_port": null,
    "db_name": "/home/okamoto/.local/share/whombat/whombat.db",
    "audio_dir": "/home/okamoto/NAS_A/whombat_data",
    "host": "0.0.0.0",
    "port": 5000,
    "domain": "158.210.76.175",
    "log_config": "logging.conf",
    "log_to_file": true,
    "log_to_stdout": false,
    "log_dir": "logs",
    "log_level": "info",
    "cors_origins": [
        "http://localhost:3000",
        "http://127.0.0.1:3000",
        "http://158.210.76.175:3000"
    ],
    "open_on_startup": true,
    "auth_cookie_secure": false,
    "auth_cookie_samesite": "lax",
    "metadata_dir": "/home/okamoto/.local/share/whombat/metadata"
}
    

    [32m[2mWhombat is ready to go![0m

    [32m[1m * Listening on http://0.0.0.0:5000/[0m

    [33mPress Ctrl+C to exit.[0m
    
2025-12-04 17:42:16,243 - uvicorn.error - INFO - Application startup complete.
INFO:     Application startup complete.
2025-12-04 17:42:18,365 - uvicorn.error - WARNING - WatchFiles detected changes in 'src/whombat/system/database.py'. Reloading...
WARNING:  WatchFiles detected changes in 'src/whombat/system/database.py'. Reloading...
/home/okamoto/Projects/whombat/back/.venv/lib/python3.12/site-packages/pydantic/_internal/_fields.py:132: UserWarning: Field "model_run" in Body_import_model_run_import__post has conflict with protected namespace "model_".

You may be able to resolve this warning by setting `model_config['protected_namespaces'] = ()`.
  warnings.warn(
/home/okamoto/Projects/whombat/back/.venv/lib/python3.12/site-packages/pydantic/_internal/_fields.py:132: UserWarning: Field "model_run" in Body_import_model_run_api_v1_model_runs_import__post has conflict with protected namespace "model_".

You may be able to resolve this warning by setting `model_config['protected_namespaces'] = ()`.
  warnings.warn(
2025-12-04 17:42:22,691 - uvicorn.error - INFO - Started server process [500384]
INFO:     Started server process [500384]
2025-12-04 17:42:22,691 - uvicorn.error - INFO - Waiting for application startup.
INFO:     Waiting for application startup.
INFO:Context impl SQLiteImpl.
INFO:Will assume non-transactional DDL.

[31m[1mWhombat is running in development mode![0m

[32m[1mDatabase URL:[0m sqlite+aiosqlite:////home/okamoto/.local/share/whombat/whombat.db

[32m[1mSettings:[0m {
    "dev": true,
    "debug": false,
    "db_dialect": "sqlite",
    "db_host": null,
    "db_port": null,
    "db_name": "/home/okamoto/.local/share/whombat/whombat.db",
    "audio_dir": "/home/okamoto/NAS_A/whombat_data",
    "host": "0.0.0.0",
    "port": 5000,
    "domain": "158.210.76.175",
    "log_config": "logging.conf",
    "log_to_file": true,
    "log_to_stdout": false,
    "log_dir": "logs",
    "log_level": "info",
    "cors_origins": [
        "http://localhost:3000",
        "http://127.0.0.1:3000",
        "http://158.210.76.175:3000"
    ],
    "open_on_startup": true,
    "auth_cookie_secure": false,
    "auth_cookie_samesite": "lax",
    "metadata_dir": "/home/okamoto/.local/share/whombat/metadata"
}
    

    [32m[2mWhombat is ready to go![0m

    [32m[1m * Listening on http://0.0.0.0:5000/[0m

    [33mPress Ctrl+C to exit.[0m
    
2025-12-04 17:42:22,975 - uvicorn.error - INFO - Application startup complete.
INFO:     Application startup complete.
2025-12-04 17:42:24,544 - uvicorn.error - WARNING - WatchFiles detected changes in 'src/whombat/system/database.py'. Reloading...
WARNING:  WatchFiles detected changes in 'src/whombat/system/database.py'. Reloading...
/home/okamoto/Projects/whombat/back/.venv/lib/python3.12/site-packages/pydantic/_internal/_fields.py:132: UserWarning: Field "model_run" in Body_import_model_run_import__post has conflict with protected namespace "model_".

You may be able to resolve this warning by setting `model_config['protected_namespaces'] = ()`.
  warnings.warn(
/home/okamoto/Projects/whombat/back/.venv/lib/python3.12/site-packages/pydantic/_internal/_fields.py:132: UserWarning: Field "model_run" in Body_import_model_run_api_v1_model_runs_import__post has conflict with protected namespace "model_".

You may be able to resolve this warning by setting `model_config['protected_namespaces'] = ()`.
  warnings.warn(
2025-12-04 17:42:29,733 - uvicorn.error - INFO - Started server process [500545]
INFO:     Started server process [500545]
2025-12-04 17:42:29,733 - uvicorn.error - INFO - Waiting for application startup.
INFO:     Waiting for application startup.
INFO:Context impl SQLiteImpl.
INFO:Will assume non-transactional DDL.

[31m[1mWhombat is running in development mode![0m

[32m[1mDatabase URL:[0m sqlite+aiosqlite:////home/okamoto/.local/share/whombat/whombat.db

[32m[1mSettings:[0m {
    "dev": true,
    "debug": false,
    "db_dialect": "sqlite",
    "db_host": null,
    "db_port": null,
    "db_name": "/home/okamoto/.local/share/whombat/whombat.db",
    "audio_dir": "/home/okamoto/NAS_A/whombat_data",
    "host": "0.0.0.0",
    "port": 5000,
    "domain": "158.210.76.175",
    "log_config": "logging.conf",
    "log_to_file": true,
    "log_to_stdout": false,
    "log_dir": "logs",
    "log_level": "info",
    "cors_origins": [
        "http://localhost:3000",
        "http://127.0.0.1:3000",
        "http://158.210.76.175:3000"
    ],
    "open_on_startup": true,
    "auth_cookie_secure": false,
    "auth_cookie_samesite": "lax",
    "metadata_dir": "/home/okamoto/.local/share/whombat/metadata"
}
    

    [32m[2mWhombat is ready to go![0m

    [32m[1m * Listening on http://0.0.0.0:5000/[0m

    [33mPress Ctrl+C to exit.[0m
    
2025-12-04 17:42:30,018 - uvicorn.error - INFO - Application startup complete.
INFO:     Application startup complete.
/home/okamoto/Projects/whombat/back/.venv/lib/python3.12/site-packages/pydantic/_internal/_fields.py:132: UserWarning: Field "model_run" in Body_import_model_run_import__post has conflict with protected namespace "model_".

You may be able to resolve this warning by setting `model_config['protected_namespaces'] = ()`.
  warnings.warn(
/home/okamoto/Projects/whombat/back/.venv/lib/python3.12/site-packages/pydantic/_internal/_fields.py:132: UserWarning: Field "model_run" in Body_import_model_run_api_v1_model_runs_import__post has conflict with protected namespace "model_".

You may be able to resolve this warning by setting `model_config['protected_namespaces'] = ()`.
  warnings.warn(
2025-12-04 17:42:36,751 - uvicorn.error - INFO - Started server process [500803]
INFO:     Started server process [500803]
2025-12-04 17:42:36,751 - uvicorn.error - INFO - Waiting for application startup.
INFO:     Waiting for application startup.
INFO:Context impl SQLiteImpl.
INFO:Will assume non-transactional DDL.

[31m[1mWhombat is running in development mode![0m

[32m[1mDatabase URL:[0m sqlite+aiosqlite:////home/okamoto/.local/share/whombat/whombat.db

[32m[1mSettings:[0m {
    "dev": true,
    "debug": false,
    "db_dialect": "sqlite",
    "db_host": null,
    "db_port": null,
    "db_name": "/home/okamoto/.local/share/whombat/whombat.db",
    "audio_dir": "/home/okamoto/NAS_A/whombat_data",
    "host": "0.0.0.0",
    "port": 5000,
    "domain": "158.210.76.175",
    "log_config": "logging.conf",
    "log_to_file": true,
    "log_to_stdout": false,
    "log_dir": "logs",
    "log_level": "info",
    "cors_origins": [
        "http://localhost:3000",
        "http://127.0.0.1:3000",
        "http://158.210.76.175:3000"
    ],
    "open_on_startup": true,
    "auth_cookie_secure": false,
    "auth_cookie_samesite": "lax",
    "metadata_dir": "/home/okamoto/.local/share/whombat/metadata"
}
    

    [32m[2mWhombat is ready to go![0m

    [32m[1m * Listening on http://0.0.0.0:5000/[0m

    [33mPress Ctrl+C to exit.[0m
    
2025-12-04 17:42:37,058 - uvicorn.error - INFO - Application startup complete.
INFO:     Application startup complete.
INFO:     158.210.76.175:56118 - "GET / HTTP/1.1" 404 Not Found
INFO:     158.210.76.175:47424 - "GET / HTTP/1.1" 404 Not Found
INFO:     158.210.76.175:56132 - "GET / HTTP/1.1" 404 Not Found
INFO:     158.210.76.175:47432 - "GET /api/v1/users/me HTTP/1.1" 200 OK
2025-12-04 17:42:37,143 - uvicorn.error - WARNING - Invalid HTTP request received.
WARNING:  Invalid HTTP request received.
2025-12-04 17:42:37,153 - uvicorn.error - WARNING - Invalid HTTP request received.
WARNING:  Invalid HTTP request received.
INFO:     158.210.76.175:47432 - "GET /api/v1/metadata/projects/prj-bobasm0b HTTP/1.1" 200 OK
2025-12-04 17:42:37,187 - uvicorn.error - WARNING - Invalid HTTP request received.
WARNING:  Invalid HTTP request received.
2025-12-04 17:42:37,197 - uvicorn.error - WARNING - Invalid HTTP request received.
WARNING:  Invalid HTTP request received.
2025-12-04 17:42:37,200 - uvicorn.error - WARNING - Invalid HTTP request received.
WARNING:  Invalid HTTP request received.
INFO:     158.210.76.175:47432 - "GET /api/v1/metadata/sites?project_id=prj-bobasm0b HTTP/1.1" 200 OK
2025-12-04 17:42:45,723 - uvicorn.error - WARNING - WatchFiles detected changes in 'src/whombat/migrations/env.py'. Reloading...
WARNING:  WatchFiles detected changes in 'src/whombat/migrations/env.py'. Reloading...
2025-12-04 17:42:45,791 - uvicorn.error - INFO - Shutting down
INFO:     Shutting down
2025-12-04 17:42:45,892 - uvicorn.error - INFO - Waiting for application shutdown.
INFO:     Waiting for application shutdown.
2025-12-04 17:42:45,892 - uvicorn.error - INFO - Application shutdown complete.
INFO:     Application shutdown complete.
2025-12-04 17:42:45,892 - uvicorn.error - INFO - Finished server process [500803]
INFO:     Finished server process [500803]
/home/okamoto/Projects/whombat/back/.venv/lib/python3.12/site-packages/pydantic/_internal/_fields.py:132: UserWarning: Field "model_run" in Body_import_model_run_import__post has conflict with protected namespace "model_".

You may be able to resolve this warning by setting `model_config['protected_namespaces'] = ()`.
  warnings.warn(
/home/okamoto/Projects/whombat/back/.venv/lib/python3.12/site-packages/pydantic/_internal/_fields.py:132: UserWarning: Field "model_run" in Body_import_model_run_api_v1_model_runs_import__post has conflict with protected namespace "model_".

You may be able to resolve this warning by setting `model_config['protected_namespaces'] = ()`.
  warnings.warn(
2025-12-04 17:42:52,663 - uvicorn.error - INFO - Started server process [501187]
INFO:     Started server process [501187]
2025-12-04 17:42:52,663 - uvicorn.error - INFO - Waiting for application startup.
INFO:     Waiting for application startup.
INFO:Context impl SQLiteImpl.
INFO:Will assume non-transactional DDL.

[31m[1mWhombat is running in development mode![0m

[32m[1mDatabase URL:[0m sqlite+aiosqlite:////home/okamoto/.local/share/whombat/whombat.db

[32m[1mSettings:[0m {
    "dev": true,
    "debug": false,
    "db_dialect": "sqlite",
    "db_host": null,
    "db_port": null,
    "db_name": "/home/okamoto/.local/share/whombat/whombat.db",
    "audio_dir": "/home/okamoto/NAS_A/whombat_data",
    "host": "0.0.0.0",
    "port": 5000,
    "domain": "158.210.76.175",
    "log_config": "logging.conf",
    "log_to_file": true,
    "log_to_stdout": false,
    "log_dir": "logs",
    "log_level": "info",
    "cors_origins": [
        "http://localhost:3000",
        "http://127.0.0.1:3000",
        "http://158.210.76.175:3000"
    ],
    "open_on_startup": true,
    "auth_cookie_secure": false,
    "auth_cookie_samesite": "lax",
    "metadata_dir": "/home/okamoto/.local/share/whombat/metadata"
}
    

    [32m[2mWhombat is ready to go![0m

    [32m[1m * Listening on http://0.0.0.0:5000/[0m

    [33mPress Ctrl+C to exit.[0m
    
2025-12-04 17:42:52,956 - uvicorn.error - INFO - Application startup complete.
INFO:     Application startup complete.
INFO:     158.210.76.175:33020 - "GET / HTTP/1.1" 404 Not Found
2025-12-04 17:42:53,071 - uvicorn.error - WARNING - WatchFiles detected changes in 'src/whombat/migrations/env.py'. Reloading...
WARNING:  WatchFiles detected changes in 'src/whombat/migrations/env.py'. Reloading...
2025-12-04 17:42:53,108 - uvicorn.error - WARNING - Invalid HTTP request received.
WARNING:  Invalid HTTP request received.
2025-12-04 17:42:53,156 - uvicorn.error - INFO - Shutting down
INFO:     Shutting down
2025-12-04 17:42:53,257 - uvicorn.error - INFO - Waiting for application shutdown.
INFO:     Waiting for application shutdown.
2025-12-04 17:42:53,257 - uvicorn.error - INFO - Application shutdown complete.
INFO:     Application shutdown complete.
2025-12-04 17:42:53,257 - uvicorn.error - INFO - Finished server process [501187]
INFO:     Finished server process [501187]
/home/okamoto/Projects/whombat/back/.venv/lib/python3.12/site-packages/pydantic/_internal/_fields.py:132: UserWarning: Field "model_run" in Body_import_model_run_import__post has conflict with protected namespace "model_".

You may be able to resolve this warning by setting `model_config['protected_namespaces'] = ()`.
  warnings.warn(
2025-12-04 17:42:58,932 - uvicorn.error - WARNING - WatchFiles detected changes in 'src/whombat/migrations/env.py'. Reloading...
WARNING:  WatchFiles detected changes in 'src/whombat/migrations/env.py'. Reloading...
/home/okamoto/Projects/whombat/back/.venv/lib/python3.12/site-packages/pydantic/_internal/_fields.py:132: UserWarning: Field "model_run" in Body_import_model_run_api_v1_model_runs_import__post has conflict with protected namespace "model_".

You may be able to resolve this warning by setting `model_config['protected_namespaces'] = ()`.
  warnings.warn(
2025-12-04 17:43:00,267 - uvicorn.error - INFO - Started server process [501482]
INFO:     Started server process [501482]
2025-12-04 17:43:00,267 - uvicorn.error - INFO - Waiting for application startup.
INFO:     Waiting for application startup.
INFO:Context impl SQLiteImpl.
INFO:Will assume non-transactional DDL.

[31m[1mWhombat is running in development mode![0m

[32m[1mDatabase URL:[0m sqlite+aiosqlite:////home/okamoto/.local/share/whombat/whombat.db

[32m[1mSettings:[0m {
    "dev": true,
    "debug": false,
    "db_dialect": "sqlite",
    "db_host": null,
    "db_port": null,
    "db_name": "/home/okamoto/.local/share/whombat/whombat.db",
    "audio_dir": "/home/okamoto/NAS_A/whombat_data",
    "host": "0.0.0.0",
    "port": 5000,
    "domain": "158.210.76.175",
    "log_config": "logging.conf",
    "log_to_file": true,
    "log_to_stdout": false,
    "log_dir": "logs",
    "log_level": "info",
    "cors_origins": [
        "http://localhost:3000",
        "http://127.0.0.1:3000",
        "http://158.210.76.175:3000"
    ],
    "open_on_startup": true,
    "auth_cookie_secure": false,
    "auth_cookie_samesite": "lax",
    "metadata_dir": "/home/okamoto/.local/share/whombat/metadata"
}
    

    [32m[2mWhombat is ready to go![0m

    [32m[1m * Listening on http://0.0.0.0:5000/[0m

    [33mPress Ctrl+C to exit.[0m
    
2025-12-04 17:43:00,544 - uvicorn.error - INFO - Application startup complete.
INFO:     Application startup complete.
/home/okamoto/Projects/whombat/back/.venv/lib/python3.12/site-packages/pydantic/_internal/_fields.py:132: UserWarning: Field "model_run" in Body_import_model_run_import__post has conflict with protected namespace "model_".

You may be able to resolve this warning by setting `model_config['protected_namespaces'] = ()`.
  warnings.warn(
/home/okamoto/Projects/whombat/back/.venv/lib/python3.12/site-packages/pydantic/_internal/_fields.py:132: UserWarning: Field "model_run" in Body_import_model_run_api_v1_model_runs_import__post has conflict with protected namespace "model_".

You may be able to resolve this warning by setting `model_config['protected_namespaces'] = ()`.
  warnings.warn(
2025-12-04 17:43:07,242 - uvicorn.error - INFO - Started server process [501670]
INFO:     Started server process [501670]
2025-12-04 17:43:07,242 - uvicorn.error - INFO - Waiting for application startup.
INFO:     Waiting for application startup.
INFO:Context impl SQLiteImpl.
INFO:Will assume non-transactional DDL.

[31m[1mWhombat is running in development mode![0m

[32m[1mDatabase URL:[0m sqlite+aiosqlite:////home/okamoto/.local/share/whombat/whombat.db

[32m[1mSettings:[0m {
    "dev": true,
    "debug": false,
    "db_dialect": "sqlite",
    "db_host": null,
    "db_port": null,
    "db_name": "/home/okamoto/.local/share/whombat/whombat.db",
    "audio_dir": "/home/okamoto/NAS_A/whombat_data",
    "host": "0.0.0.0",
    "port": 5000,
    "domain": "158.210.76.175",
    "log_config": "logging.conf",
    "log_to_file": true,
    "log_to_stdout": false,
    "log_dir": "logs",
    "log_level": "info",
    "cors_origins": [
        "http://localhost:3000",
        "http://127.0.0.1:3000",
        "http://158.210.76.175:3000"
    ],
    "open_on_startup": true,
    "auth_cookie_secure": false,
    "auth_cookie_samesite": "lax",
    "metadata_dir": "/home/okamoto/.local/share/whombat/metadata"
}
    

    [32m[2mWhombat is ready to go![0m

    [32m[1m * Listening on http://0.0.0.0:5000/[0m

    [33mPress Ctrl+C to exit.[0m
    
2025-12-04 17:43:07,542 - uvicorn.error - INFO - Application startup complete.
INFO:     Application startup complete.
INFO:     158.210.76.175:52878 - "GET /api/v1/users/me HTTP/1.1" 200 OK
INFO:     158.210.76.175:52878 - "GET / HTTP/1.1" 404 Not Found
INFO:     158.210.76.175:52878 - "GET /api/v1/metadata/projects/prj-bobasm0b HTTP/1.1" 200 OK
2025-12-04 17:43:07,661 - uvicorn.error - WARNING - Invalid HTTP request received.
WARNING:  Invalid HTTP request received.
2025-12-04 17:43:07,705 - uvicorn.error - WARNING - Invalid HTTP request received.
WARNING:  Invalid HTTP request received.
INFO:     158.210.76.175:52878 - "GET /api/v1/metadata/sites?project_id=prj-bobasm0b HTTP/1.1" 200 OK
2025-12-04 17:46:04,447 - uvicorn.error - WARNING - WatchFiles detected changes in 'src/whombat/system/database.py'. Reloading...
WARNING:  WatchFiles detected changes in 'src/whombat/system/database.py'. Reloading...
2025-12-04 17:46:04,529 - uvicorn.error - INFO - Shutting down
INFO:     Shutting down
2025-12-04 17:46:04,630 - uvicorn.error - INFO - Waiting for application shutdown.
INFO:     Waiting for application shutdown.
2025-12-04 17:46:04,631 - uvicorn.error - INFO - Application shutdown complete.
INFO:     Application shutdown complete.
2025-12-04 17:46:04,631 - uvicorn.error - INFO - Finished server process [501670]
INFO:     Finished server process [501670]
/home/okamoto/Projects/whombat/back/.venv/lib/python3.12/site-packages/pydantic/_internal/_fields.py:132: UserWarning: Field "model_run" in Body_import_model_run_import__post has conflict with protected namespace "model_".

You may be able to resolve this warning by setting `model_config['protected_namespaces'] = ()`.
  warnings.warn(
/home/okamoto/Projects/whombat/back/.venv/lib/python3.12/site-packages/pydantic/_internal/_fields.py:132: UserWarning: Field "model_run" in Body_import_model_run_api_v1_model_runs_import__post has conflict with protected namespace "model_".

You may be able to resolve this warning by setting `model_config['protected_namespaces'] = ()`.
  warnings.warn(
2025-12-04 17:46:11,010 - uvicorn.error - INFO - Started server process [502983]
INFO:     Started server process [502983]
2025-12-04 17:46:11,010 - uvicorn.error - INFO - Waiting for application startup.
INFO:     Waiting for application startup.
INFO:Context impl SQLiteImpl.
INFO:Will assume non-transactional DDL.

[31m[1mWhombat is running in development mode![0m

[32m[1mDatabase URL:[0m sqlite+aiosqlite:////home/okamoto/.local/share/whombat/whombat.db

[32m[1mSettings:[0m {
    "dev": true,
    "debug": false,
    "db_dialect": "sqlite",
    "db_host": null,
    "db_port": null,
    "db_name": "/home/okamoto/.local/share/whombat/whombat.db",
    "audio_dir": "/home/okamoto/NAS_A/whombat_data",
    "host": "0.0.0.0",
    "port": 5000,
    "domain": "158.210.76.175",
    "log_config": "logging.conf",
    "log_to_file": true,
    "log_to_stdout": false,
    "log_dir": "logs",
    "log_level": "info",
    "cors_origins": [
        "http://localhost:3000",
        "http://127.0.0.1:3000",
        "http://158.210.76.175:3000"
    ],
    "open_on_startup": true,
    "auth_cookie_secure": false,
    "auth_cookie_samesite": "lax",
    "metadata_dir": "/home/okamoto/.local/share/whombat/metadata"
}
    

    [32m[2mWhombat is ready to go![0m

    [32m[1m * Listening on http://0.0.0.0:5000/[0m

    [33mPress Ctrl+C to exit.[0m
    
2025-12-04 17:46:11,299 - uvicorn.error - INFO - Application startup complete.
INFO:     Application startup complete.
INFO:     158.210.76.175:50344 - "GET / HTTP/1.1" 404 Not Found
2025-12-04 17:46:11,398 - uvicorn.error - WARNING - Invalid HTTP request received.
WARNING:  Invalid HTTP request received.
2025-12-04 17:46:11,444 - uvicorn.error - WARNING - Invalid HTTP request received.
WARNING:  Invalid HTTP request received.
2025-12-04 17:46:22,942 - uvicorn.error - WARNING - WatchFiles detected changes in 'src/whombat/system/database.py'. Reloading...
WARNING:  WatchFiles detected changes in 'src/whombat/system/database.py'. Reloading...
2025-12-04 17:46:23,036 - uvicorn.error - INFO - Shutting down
INFO:     Shutting down
2025-12-04 17:46:23,137 - uvicorn.error - INFO - Waiting for application shutdown.
INFO:     Waiting for application shutdown.
2025-12-04 17:46:23,137 - uvicorn.error - INFO - Application shutdown complete.
INFO:     Application shutdown complete.
2025-12-04 17:46:23,138 - uvicorn.error - INFO - Finished server process [502983]
INFO:     Finished server process [502983]
/home/okamoto/Projects/whombat/back/.venv/lib/python3.12/site-packages/pydantic/_internal/_fields.py:132: UserWarning: Field "model_run" in Body_import_model_run_import__post has conflict with protected namespace "model_".

You may be able to resolve this warning by setting `model_config['protected_namespaces'] = ()`.
  warnings.warn(
/home/okamoto/Projects/whombat/back/.venv/lib/python3.12/site-packages/pydantic/_internal/_fields.py:132: UserWarning: Field "model_run" in Body_import_model_run_api_v1_model_runs_import__post has conflict with protected namespace "model_".

You may be able to resolve this warning by setting `model_config['protected_namespaces'] = ()`.
  warnings.warn(
2025-12-04 17:46:29,497 - uvicorn.error - INFO - Started server process [503231]
INFO:     Started server process [503231]
2025-12-04 17:46:29,497 - uvicorn.error - INFO - Waiting for application startup.
INFO:     Waiting for application startup.
INFO:Context impl SQLiteImpl.
INFO:Will assume non-transactional DDL.

[31m[1mWhombat is running in development mode![0m

[32m[1mDatabase URL:[0m sqlite+aiosqlite:////home/okamoto/.local/share/whombat/whombat.db

[32m[1mSettings:[0m {
    "dev": true,
    "debug": false,
    "db_dialect": "sqlite",
    "db_host": null,
    "db_port": null,
    "db_name": "/home/okamoto/.local/share/whombat/whombat.db",
    "audio_dir": "/home/okamoto/NAS_A/whombat_data",
    "host": "0.0.0.0",
    "port": 5000,
    "domain": "158.210.76.175",
    "log_config": "logging.conf",
    "log_to_file": true,
    "log_to_stdout": false,
    "log_dir": "logs",
    "log_level": "info",
    "cors_origins": [
        "http://localhost:3000",
        "http://127.0.0.1:3000",
        "http://158.210.76.175:3000"
    ],
    "open_on_startup": true,
    "auth_cookie_secure": false,
    "auth_cookie_samesite": "lax",
    "metadata_dir": "/home/okamoto/.local/share/whombat/metadata"
}
    

    [32m[2mWhombat is ready to go![0m

    [32m[1m * Listening on http://0.0.0.0:5000/[0m

    [33mPress Ctrl+C to exit.[0m
    
2025-12-04 17:46:29,775 - uvicorn.error - INFO - Application startup complete.
INFO:     Application startup complete.
INFO:     158.210.76.175:39068 - "GET / HTTP/1.1" 404 Not Found
2025-12-04 17:46:29,930 - uvicorn.error - WARNING - Invalid HTTP request received.
WARNING:  Invalid HTTP request received.
2025-12-04 17:46:29,963 - uvicorn.error - WARNING - Invalid HTTP request received.
WARNING:  Invalid HTTP request received.
2025-12-04 17:46:32,273 - uvicorn.error - WARNING - WatchFiles detected changes in 'src/whombat/system/database.py'. Reloading...
WARNING:  WatchFiles detected changes in 'src/whombat/system/database.py'. Reloading...
2025-12-04 17:46:32,284 - uvicorn.error - INFO - Shutting down
INFO:     Shutting down
2025-12-04 17:46:32,385 - uvicorn.error - INFO - Waiting for application shutdown.
INFO:     Waiting for application shutdown.
2025-12-04 17:46:32,386 - uvicorn.error - INFO - Application shutdown complete.
INFO:     Application shutdown complete.
2025-12-04 17:46:32,386 - uvicorn.error - INFO - Finished server process [503231]
INFO:     Finished server process [503231]
/home/okamoto/Projects/whombat/back/.venv/lib/python3.12/site-packages/pydantic/_internal/_fields.py:132: UserWarning: Field "model_run" in Body_import_model_run_import__post has conflict with protected namespace "model_".

You may be able to resolve this warning by setting `model_config['protected_namespaces'] = ()`.
  warnings.warn(
/home/okamoto/Projects/whombat/back/.venv/lib/python3.12/site-packages/pydantic/_internal/_fields.py:132: UserWarning: Field "model_run" in Body_import_model_run_api_v1_model_runs_import__post has conflict with protected namespace "model_".

You may be able to resolve this warning by setting `model_config['protected_namespaces'] = ()`.
  warnings.warn(
2025-12-04 17:46:38,716 - uvicorn.error - WARNING - WatchFiles detected changes in 'src/whombat/system/database.py'. Reloading...
WARNING:  WatchFiles detected changes in 'src/whombat/system/database.py'. Reloading...
2025-12-04 17:46:38,747 - uvicorn.error - INFO - Started server process [503397]
INFO:     Started server process [503397]
2025-12-04 17:46:38,747 - uvicorn.error - INFO - Waiting for application startup.
INFO:     Waiting for application startup.
INFO:Context impl SQLiteImpl.
INFO:Will assume non-transactional DDL.

[31m[1mWhombat is running in development mode![0m

[32m[1mDatabase URL:[0m sqlite+aiosqlite:////home/okamoto/.local/share/whombat/whombat.db

[32m[1mSettings:[0m {
    "dev": true,
    "debug": false,
    "db_dialect": "sqlite",
    "db_host": null,
    "db_port": null,
    "db_name": "/home/okamoto/.local/share/whombat/whombat.db",
    "audio_dir": "/home/okamoto/NAS_A/whombat_data",
    "host": "0.0.0.0",
    "port": 5000,
    "domain": "158.210.76.175",
    "log_config": "logging.conf",
    "log_to_file": true,
    "log_to_stdout": false,
    "log_dir": "logs",
    "log_level": "info",
    "cors_origins": [
        "http://localhost:3000",
        "http://127.0.0.1:3000",
        "http://158.210.76.175:3000"
    ],
    "open_on_startup": true,
    "auth_cookie_secure": false,
    "auth_cookie_samesite": "lax",
    "metadata_dir": "/home/okamoto/.local/share/whombat/metadata"
}
    

    [32m[2mWhombat is ready to go![0m

    [32m[1m * Listening on http://0.0.0.0:5000/[0m

    [33mPress Ctrl+C to exit.[0m
    
2025-12-04 17:46:39,048 - uvicorn.error - INFO - Application startup complete.
INFO:     Application startup complete.
/home/okamoto/Projects/whombat/back/.venv/lib/python3.12/site-packages/pydantic/_internal/_fields.py:132: UserWarning: Field "model_run" in Body_import_model_run_import__post has conflict with protected namespace "model_".

You may be able to resolve this warning by setting `model_config['protected_namespaces'] = ()`.
  warnings.warn(
/home/okamoto/Projects/whombat/back/.venv/lib/python3.12/site-packages/pydantic/_internal/_fields.py:132: UserWarning: Field "model_run" in Body_import_model_run_api_v1_model_runs_import__post has conflict with protected namespace "model_".

You may be able to resolve this warning by setting `model_config['protected_namespaces'] = ()`.
  warnings.warn(
2025-12-04 17:46:45,455 - uvicorn.error - INFO - Started server process [503529]
INFO:     Started server process [503529]
2025-12-04 17:46:45,455 - uvicorn.error - INFO - Waiting for application startup.
INFO:     Waiting for application startup.
INFO:Context impl SQLiteImpl.
INFO:Will assume non-transactional DDL.

[31m[1mWhombat is running in development mode![0m

[32m[1mDatabase URL:[0m sqlite+aiosqlite:////home/okamoto/.local/share/whombat/whombat.db

[32m[1mSettings:[0m {
    "dev": true,
    "debug": false,
    "db_dialect": "sqlite",
    "db_host": null,
    "db_port": null,
    "db_name": "/home/okamoto/.local/share/whombat/whombat.db",
    "audio_dir": "/home/okamoto/NAS_A/whombat_data",
    "host": "0.0.0.0",
    "port": 5000,
    "domain": "158.210.76.175",
    "log_config": "logging.conf",
    "log_to_file": true,
    "log_to_stdout": false,
    "log_dir": "logs",
    "log_level": "info",
    "cors_origins": [
        "http://localhost:3000",
        "http://127.0.0.1:3000",
        "http://158.210.76.175:3000"
    ],
    "open_on_startup": true,
    "auth_cookie_secure": false,
    "auth_cookie_samesite": "lax",
    "metadata_dir": "/home/okamoto/.local/share/whombat/metadata"
}
    

    [32m[2mWhombat is ready to go![0m

    [32m[1m * Listening on http://0.0.0.0:5000/[0m

    [33mPress Ctrl+C to exit.[0m
    
2025-12-04 17:46:45,761 - uvicorn.error - INFO - Application startup complete.
INFO:     Application startup complete.
INFO:     158.210.76.175:39096 - "GET / HTTP/1.1" 404 Not Found
INFO:     158.210.76.175:39096 - "GET / HTTP/1.1" 404 Not Found
2025-12-04 17:46:45,845 - uvicorn.error - WARNING - Invalid HTTP request received.
WARNING:  Invalid HTTP request received.
2025-12-04 17:46:45,879 - uvicorn.error - WARNING - Invalid HTTP request received.
WARNING:  Invalid HTTP request received.
2025-12-04 17:46:45,890 - uvicorn.error - WARNING - Invalid HTTP request received.
WARNING:  Invalid HTTP request received.
2025-12-04 17:46:45,933 - uvicorn.error - WARNING - Invalid HTTP request received.
WARNING:  Invalid HTTP request received.
INFO:     158.210.76.175:45740 - "GET /api/v1/metadata/sites?project_id=prj-bobasm0b HTTP/1.1" 200 OK
INFO:     158.210.76.175:45736 - "GET /api/v1/metadata/projects/prj-bobasm0b HTTP/1.1" 200 OK
INFO:     158.210.76.175:45736 - "GET /api/v1/users/me HTTP/1.1" 200 OK
INFO:     158.210.76.175:45736 - "GET /api/v1/metadata/projects/prj-bobasm0b HTTP/1.1" 200 OK
INFO:     158.210.76.175:45736 - "GET /api/v1/metadata/sites?project_id=prj-bobasm0b HTTP/1.1" 200 OK
2025-12-04 17:48:07,704 - uvicorn.error - WARNING - WatchFiles detected changes in '.venv/lib64/python3.12/site-packages/pgvector/sparsevec.py', '.venv/lib64/python3.12/site-packages/pgvector/vector.py', '.venv/lib64/python3.12/site-packages/asyncpg/transaction.py', '.venv/lib64/python3.12/site-packages/asyncpg/types.py', '.venv/lib64/python3.12/site-packages/asyncpg/cluster.py', '.venv/lib64/python3.12/site-packages/psycopg2/sql.py', '.venv/lib64/python3.12/site-packages/pgvector/halfvec.py', '.venv/lib64/python3.12/site-packages/asyncpg/introspection.py', '.venv/lib64/python3.12/site-packages/asyncpg/connect_utils.py', '.venv/lib64/python3.12/site-packages/psycopg2/pool.py', '.venv/lib64/python3.12/site-packages/asyncpg/_asyncio_compat.py', '.venv/lib64/python3.12/site-packages/asyncpg/compat.py', '.venv/lib64/python3.12/site-packages/psycopg2/_json.py', '.venv/lib64/python3.12/site-packages/asyncpg/utils.py', '.venv/lib64/python3.12/site-packages/psycopg2/tz.py', '.venv/lib64/python3.12/site-packages/asyncpg/pool.py', '.venv/lib64/python3.12/site-packages/asyncpg/connresource.py', '.venv/lib64/python3.12/site-packages/psycopg2/_range.py', '.venv/lib64/python3.12/site-packages/asyncpg/_testbase/fuzzer.py', '.venv/lib64/python3.12/site-packages/asyncpg/__init__.py', '.venv/lib64/python3.12/site-packages/pgvector/bit.py', '.venv/lib64/python3.12/site-packages/asyncpg/prepared_stmt.py', '.venv/lib64/python3.12/site-packages/asyncpg/cursor.py', '.venv/lib64/python3.12/site-packages/asyncpg/serverversion.py', '.venv/lib64/python3.12/site-packages/asyncpg/connection.py', '.venv/lib64/python3.12/site-packages/asyncpg/_version.py'. Reloading...
WARNING:  WatchFiles detected changes in '.venv/lib64/python3.12/site-packages/pgvector/sparsevec.py', '.venv/lib64/python3.12/site-packages/pgvector/vector.py', '.venv/lib64/python3.12/site-packages/asyncpg/transaction.py', '.venv/lib64/python3.12/site-packages/asyncpg/types.py', '.venv/lib64/python3.12/site-packages/asyncpg/cluster.py', '.venv/lib64/python3.12/site-packages/psycopg2/sql.py', '.venv/lib64/python3.12/site-packages/pgvector/halfvec.py', '.venv/lib64/python3.12/site-packages/asyncpg/introspection.py', '.venv/lib64/python3.12/site-packages/asyncpg/connect_utils.py', '.venv/lib64/python3.12/site-packages/psycopg2/pool.py', '.venv/lib64/python3.12/site-packages/asyncpg/_asyncio_compat.py', '.venv/lib64/python3.12/site-packages/asyncpg/compat.py', '.venv/lib64/python3.12/site-packages/psycopg2/_json.py', '.venv/lib64/python3.12/site-packages/asyncpg/utils.py', '.venv/lib64/python3.12/site-packages/psycopg2/tz.py', '.venv/lib64/python3.12/site-packages/asyncpg/pool.py', '.venv/lib64/python3.12/site-packages/asyncpg/connresource.py', '.venv/lib64/python3.12/site-packages/psycopg2/_range.py', '.venv/lib64/python3.12/site-packages/asyncpg/_testbase/fuzzer.py', '.venv/lib64/python3.12/site-packages/asyncpg/__init__.py', '.venv/lib64/python3.12/site-packages/pgvector/bit.py', '.venv/lib64/python3.12/site-packages/asyncpg/prepared_stmt.py', '.venv/lib64/python3.12/site-packages/asyncpg/cursor.py', '.venv/lib64/python3.12/site-packages/asyncpg/serverversion.py', '.venv/lib64/python3.12/site-packages/asyncpg/connection.py', '.venv/lib64/python3.12/site-packages/asyncpg/_version.py'. Reloading...
2025-12-04 17:48:07,728 - uvicorn.error - INFO - Shutting down
INFO:     Shutting down
2025-12-04 17:48:07,828 - uvicorn.error - INFO - Waiting for application shutdown.
INFO:     Waiting for application shutdown.
2025-12-04 17:48:07,829 - uvicorn.error - INFO - Application shutdown complete.
INFO:     Application shutdown complete.
2025-12-04 17:48:07,829 - uvicorn.error - INFO - Finished server process [503529]
INFO:     Finished server process [503529]
/home/okamoto/Projects/whombat/back/.venv/lib/python3.12/site-packages/pydantic/_internal/_fields.py:132: UserWarning: Field "model_run" in Body_import_model_run_import__post has conflict with protected namespace "model_".

You may be able to resolve this warning by setting `model_config['protected_namespaces'] = ()`.
  warnings.warn(
/home/okamoto/Projects/whombat/back/.venv/lib/python3.12/site-packages/pydantic/_internal/_fields.py:132: UserWarning: Field "model_run" in Body_import_model_run_api_v1_model_runs_import__post has conflict with protected namespace "model_".

You may be able to resolve this warning by setting `model_config['protected_namespaces'] = ()`.
  warnings.warn(
2025-12-04 17:48:14,405 - uvicorn.error - INFO - Started server process [504425]
INFO:     Started server process [504425]
2025-12-04 17:48:14,406 - uvicorn.error - INFO - Waiting for application startup.
INFO:     Waiting for application startup.
INFO:Context impl SQLiteImpl.
INFO:Will assume non-transactional DDL.

[31m[1mWhombat is running in development mode![0m

[32m[1mDatabase URL:[0m sqlite+aiosqlite:////home/okamoto/.local/share/whombat/whombat.db

[32m[1mSettings:[0m {
    "dev": true,
    "debug": false,
    "db_dialect": "sqlite",
    "db_host": null,
    "db_port": null,
    "db_name": "/home/okamoto/.local/share/whombat/whombat.db",
    "audio_dir": "/home/okamoto/NAS_A/whombat_data",
    "host": "0.0.0.0",
    "port": 5000,
    "domain": "158.210.76.175",
    "log_config": "logging.conf",
    "log_to_file": true,
    "log_to_stdout": false,
    "log_dir": "logs",
    "log_level": "info",
    "cors_origins": [
        "http://localhost:3000",
        "http://127.0.0.1:3000",
        "http://158.210.76.175:3000"
    ],
    "open_on_startup": true,
    "auth_cookie_secure": false,
    "auth_cookie_samesite": "lax",
    "metadata_dir": "/home/okamoto/.local/share/whombat/metadata"
}
    

    [32m[2mWhombat is ready to go![0m

    [32m[1m * Listening on http://0.0.0.0:5000/[0m

    [33mPress Ctrl+C to exit.[0m
    
2025-12-04 17:48:14,689 - uvicorn.error - INFO - Application startup complete.
INFO:     Application startup complete.
INFO:     158.210.76.175:49992 - "GET / HTTP/1.1" 404 Not Found
2025-12-04 17:48:14,793 - uvicorn.error - WARNING - Invalid HTTP request received.
WARNING:  Invalid HTTP request received.
2025-12-04 17:48:14,828 - uvicorn.error - WARNING - Invalid HTTP request received.
WARNING:  Invalid HTTP request received.
INFO:     158.210.76.175:32832 - "GET /api/v1/metadata/sites?project_id=prj-bobasm0b HTTP/1.1" 200 OK
INFO:     158.210.76.175:32830 - "GET /api/v1/metadata/projects/prj-bobasm0b HTTP/1.1" 200 OK
INFO:     158.210.76.175:35898 - "GET /api/v1/users/me HTTP/1.1" 200 OK
INFO:     158.210.76.175:35898 - "GET /api/v1/metadata/projects/prj-bobasm0b HTTP/1.1" 200 OK
INFO:     158.210.76.175:55706 - "GET /api/v1/metadata/sites?project_id=prj-bobasm0b HTTP/1.1" 200 OK
INFO:     158.210.76.175:55716 - "GET /api/v1/users/me HTTP/1.1" 200 OK
INFO:     158.210.76.175:55716 - "GET /api/v1/metadata/projects/prj-bobasm0b HTTP/1.1" 200 OK
INFO:     158.210.76.175:55716 - "GET /api/v1/metadata/sites?project_id=prj-bobasm0b HTTP/1.1" 200 OK
INFO:     158.210.76.175:60792 - "GET /api/v1/users/me HTTP/1.1" 200 OK
INFO:     158.210.76.175:60792 - "GET /api/v1/metadata/projects/prj-bobasm0b HTTP/1.1" 200 OK
INFO:     158.210.76.175:60792 - "GET /api/v1/metadata/sites?project_id=prj-bobasm0b HTTP/1.1" 200 OK
INFO:     158.210.76.175:49708 - "GET /api/v1/users/me HTTP/1.1" 200 OK
INFO:     158.210.76.175:49708 - "GET /api/v1/metadata/projects/prj-bobasm0b HTTP/1.1" 200 OK
INFO:     158.210.76.175:49708 - "GET /api/v1/datasets/?limit=1000&offset=0&project_id__eq=prj-bobasm0b HTTP/1.1" 200 OK
INFO:     158.210.76.175:49708 - "GET /api/v1/metadata/sites?project_id=prj-bobasm0b HTTP/1.1" 200 OK
INFO:     158.210.76.175:49708 - "GET /api/v1/datasets/?limit=100&offset=0 HTTP/1.1" 200 OK
INFO:     158.210.76.175:49708 - "GET /api/v1/datasets/?limit=100&offset=0&primary_site_id__eq=test2 HTTP/1.1" 200 OK
INFO:     158.210.76.175:49708 - "GET /api/v1/datasets/?limit=100&offset=0 HTTP/1.1" 200 OK
INFO:     158.210.76.175:49710 - "GET /api/v1/datasets/?limit=100&offset=0&primary_site_id__eq=test2 HTTP/1.1" 200 OK
INFO:     158.210.76.175:49708 - "GET /api/v1/users/me HTTP/1.1" 200 OK
INFO:     158.210.76.175:49708 - "GET /api/v1/metadata/projects/prj-bobasm0b HTTP/1.1" 200 OK
INFO:     158.210.76.175:49708 - "GET /api/v1/metadata/sites?project_id=prj-bobasm0b HTTP/1.1" 200 OK
